IQ-TREE multicore version 2.1.2 COVID-edition for Mac OS X 64-bit built Oct 22 2020
Developed by Bui Quang Minh, James Barbetti, Nguyen Lam Tung,
Olga Chernomor, Heiko Schmidt, Dominik Schrempf, Michael Woodhams.

Host:    Marguerites-MacBook-Pro.local (AVX2, FMA3, 16 GB RAM)
Command: iqtree2 -s input/turtle.fa -p input/turtle.nex --prefix out/species -B 1000 -nt AUTO
Seed:    993536 (Using SPRNG - Scalable Parallel Random Number Generator)
Time:    Mon Apr 17 14:22:34 2023
Kernel:  AVX+FMA - auto-detect threads (16 CPU cores detected)

Reading partition model file input/turtle.nex ...
Reading alignment file input/turtle.fa ... Fasta format detected
Alignment most likely contains DNA/RNA sequences
Alignment has 16 sequences with 20820 columns, 8574 distinct patterns
6084 parsimony-informative, 3551 singleton sites, 11185 constant sites
                   Gap/Ambiguity  Composition  p-value
   1  protopterus         67.26%    failed      0.00%
   2  Anolis               1.61%    passed     48.30%
   3  Gallus               0.01%    passed     11.30%
   4  Homo                 0.29%    passed     68.82%
   5  Monodelphis          0.46%    failed      0.21%
   6  Ornithorhynchus      3.73%    failed      0.00%
   7  Taeniopygia          2.10%    failed      0.00%
   8  Xenopus              1.50%    passed     27.31%
   9  alligator           80.50%    passed     19.63%
  10  emys_orbicularis    56.95%    passed     71.94%
  11  phrynops            36.77%    passed     17.20%
  12  caiman              41.06%    passed      5.16%
  13  caretta             36.33%    passed      6.75%
  14  python              65.18%    failed      0.00%
  15  chelonoidis_nigra   68.53%    failed      0.77%
  16  podarcis            76.21%    failed      0.14%
WARNING: 6 sequences contain more than 50% gaps/ambiguity
****  TOTAL               33.66%  7 sequences failed composition chi2 test (p-value<5%; df=3)
NOTE: No CharPartition defined, use all CharSets

Loading 29 partitions...
Subset	Type	Seqs	Sites	Infor	Invar	Model	Name
1		11	846	282	382		ENSGALG00000000223.macse_DNA_gb
2		10	522	193	227		ENSGALG00000001529.macse_DNA_gb
3		10	672	194	351		ENSGALG00000002002.macse_DNA_gb
4		14	732	222	422		ENSGALG00000002514.macse_DNA_gb
5		15	966	313	556		ENSGALG00000003337.macse_DNA_gb
6		14	885	257	525		ENSGALG00000003700.macse_DNA_gb
7		10	1545	359	833		ENSGALG00000003702.macse_DNA_gb
8		12	480	176	225		ENSGALG00000003907.macse_DNA_gb
9		12	576	176	318		ENSGALG00000005820.macse_DNA_gb
10		15	696	129	483		ENSGALG00000005834.macse_DNA_gb
11		13	570	124	334		ENSGALG00000005902.macse_DNA_gb
12		12	792	283	334		ENSGALG00000008338.macse_DNA_gb
13		11	540	129	329		ENSGALG00000008517.macse_DNA_gb
14		12	546	231	262		ENSGALG00000008916.macse_DNA_gb
15		11	930	243	547		ENSGALG00000009085.macse_DNA_gb
16		13	597	239	261		ENSGALG00000009879.macse_DNA_gb
17		9	900	290	406		ENSGALG00000011323.macse_DNA_gb
18		10	447	201	211		ENSGALG00000011434.macse_DNA_gb
19		12	981	172	659		ENSGALG00000011917.macse_DNA_gb
20		10	468	169	191		ENSGALG00000011966.macse_DNA_gb
21		13	753	233	387		ENSGALG00000012244.macse_DNA_gb
22		13	519	149	292		ENSGALG00000012379.macse_DNA_gb
23		9	630	158	382		ENSGALG00000012568.macse_DNA_gb
24		10	1302	279	815		ENSGALG00000013227.macse_DNA_gb
25		11	561	176	297		ENSGALG00000014038.macse_DNA_gb
26		9	498	96	314		ENSGALG00000014648.macse_DNA_gb
27		10	597	187	238		ENSGALG00000015326.macse_DNA_gb
28		12	594	175	281		ENSGALG00000015397.macse_DNA_gb
29		13	675	249	323		ENSGALG00000016241.macse_DNA_gb
Degree of missing data: 0.276
Info: multi-threading strategy over partitions



Create initial parsimony tree by phylogenetic likelihood library (PLL)... 0.017 seconds
Measuring multi-threading efficiency up to 16 CPU cores
Increase to 10 rounds for branch lengths
88 trees examined
Threads: 1 / Time: 16.126 sec / Speedup: 1.000 / Efficiency: 100% / LogL: -126906
Threads: 2 / Time: 7.121 sec / Speedup: 2.265 / Efficiency: 113% / LogL: -126906
Threads: 3 / Time: 5.580 sec / Speedup: 2.890 / Efficiency: 96% / LogL: -126906
Threads: 4 / Time: 4.479 sec / Speedup: 3.601 / Efficiency: 90% / LogL: -126906
Threads: 5 / Time: 4.321 sec / Speedup: 3.732 / Efficiency: 75% / LogL: -126906
Threads: 6 / Time: 4.009 sec / Speedup: 4.023 / Efficiency: 67% / LogL: -126906
Threads: 7 / Time: 4.150 sec / Speedup: 3.886 / Efficiency: 56% / LogL: -126906
Threads: 8 / Time: 4.251 sec / Speedup: 3.794 / Efficiency: 47% / LogL: -126906
BEST NUMBER OF THREADS: 6

Perform fast likelihood tree search using GTR+I+G model...
Estimate model parameters (epsilon = 5.000)
Initial log-likelihood: -120782.688
Current log-likelihood at step 1: -115494.919
Current log-likelihood at step 2: -115369.560
Current log-likelihood at step 3: -115366.409
Parameters optimization took 2 rounds (0.248 sec)

Perform nearest neighbor interchange...
Estimate model parameters (epsilon = 1.000)
Initial log-likelihood: -115363.270
Current log-likelihood at step 1: -115358.285
Current log-likelihood at step 2: -115356.231
Current log-likelihood at step 3: -115354.587
Current log-likelihood at step 4: -115352.816
Current log-likelihood at step 5: -115350.875
Current log-likelihood at step 6: -115348.717
Current log-likelihood at step 7: -115346.346
Current log-likelihood at step 8: -115343.865
Current log-likelihood at step 9: -115341.537
Current log-likelihood at step 10: -115339.497
Current log-likelihood at step 11: -115337.781
Current log-likelihood at step 12: -115336.156
Current log-likelihood at step 13: -115334.455
Current log-likelihood at step 14: -115332.635
Current log-likelihood at step 15: -115330.645
Current log-likelihood at step 16: -115328.566
Current log-likelihood at step 17: -115326.623
Current log-likelihood at step 18: -115324.972
Current log-likelihood at step 19: -115323.546
Current log-likelihood at step 20: -115322.233
Current log-likelihood at step 21: -115321.062
Current log-likelihood at step 22: -115320.133
Partition-specific rates:  1.097 1.333 1.061 1.018 1.253 0.765 0.875 1.106 0.782 0.479 0.646 1.058 0.694 1.833 1.022 1.203 1.272 1.912 0.596 1.321 1.147 1.001 0.804 0.690 0.910 0.657 1.130 0.975 1.260
Parameters optimization took 21 rounds (0.527 sec)

Time for fast ML tree search: 0.838 seconds

NOTE: ModelFinder requires 20 MB RAM!
Selecting individual models for 29 charsets using BIC...
 No. Model        Score       TreeLen     Charset
   1 TIM2+F+G4    9492.399    1.466       ENSGALG00000003700.macse_DNA_gb
   2 TVM+F+I+G4   8644.041    1.978       ENSGALG00000002514.macse_DNA_gb
   3 TN+F+G4      15318.631   1.291       ENSGALG00000003702.macse_DNA_gb
   4 K2P+I+G4     10217.424   1.992       ENSGALG00000000223.macse_DNA_gb
   5 TIM2e+I+G4   12490.815   2.489       ENSGALG00000003337.macse_DNA_gb
   6 TN+F+G4      8391.532    2.242       ENSGALG00000009879.macse_DNA_gb
   7 TPM2+F+I+G4  8816.440    2.067       ENSGALG00000016241.macse_DNA_gb
   8 TPM2+F+G4    11186.523   1.050       ENSGALG00000013227.macse_DNA_gb
   9 TPM3+F+G4    10571.932   1.846       ENSGALG00000011323.macse_DNA_gb
  10 TIM2+F+R3    9139.352    1.857       ENSGALG00000009085.macse_DNA_gb	0h:0m:3s (0h:0m:6s left)
  11 TIM2+F+G4    6133.789    0.932       ENSGALG00000005834.macse_DNA_gb	0h:0m:3s (0h:0m:5s left)
  12 TIM2+F+G4    7319.517    1.594       ENSGALG00000015397.macse_DNA_gb	0h:0m:3s (0h:0m:4s left)
  13 K2P+I+G4     5943.342    1.718       ENSGALG00000003907.macse_DNA_gb	0h:0m:3s (0h:0m:4s left)
  14 TIM3+F+G4    8240.383    0.937       ENSGALG00000011917.macse_DNA_gb	0h:0m:3s (0h:0m:4s left)
  15 TPM2+F+I+G4  7386.251    2.695       ENSGALG00000008916.macse_DNA_gb	0h:0m:4s (0h:0m:3s left)
  16 TNe+I        6245.208    1.437       ENSGALG00000005820.macse_DNA_gb	0h:0m:4s (0h:0m:3s left)
  17 TN+F+G4      6676.012    1.721       ENSGALG00000014038.macse_DNA_gb	0h:0m:4s (0h:0m:3s left)
  18 TIM+F+G4     7539.049    1.727       ENSGALG00000015326.macse_DNA_gb	0h:0m:4s (0h:0m:2s left)
  19 K2P+G4       6857.762    2.046       ENSGALG00000001529.macse_DNA_gb	0h:0m:4s (0h:0m:2s left)
  20 TN+F+G4      5784.287    1.546       ENSGALG00000012379.macse_DNA_gb	0h:0m:4s (0h:0m:2s left)
  21 TIM3e+I+G4   6108.758    2.710       ENSGALG00000011434.macse_DNA_gb	0h:0m:5s (0h:0m:1s left)
  22 TN+F+G4      7263.901    1.564       ENSGALG00000002002.macse_DNA_gb	0h:0m:5s (0h:0m:1s left)
  23 K2P+G4       5955.840    1.933       ENSGALG00000011966.macse_DNA_gb	0h:0m:5s (0h:0m:1s left)
  24 TPM2+F+G4    5448.241    1.301       ENSGALG00000008517.macse_DNA_gb	0h:0m:5s (0h:0m:1s left)
  25 TIM3e+G4     10372.562   1.976       ENSGALG00000008338.macse_DNA_gb	0h:0m:5s (0h:0m:0s left)
  26 TNe+G4       5754.516    1.188       ENSGALG00000005902.macse_DNA_gb	0h:0m:5s (0h:0m:0s left)
  27 TNe+G4       5864.943    1.162       ENSGALG00000012568.macse_DNA_gb	0h:0m:5s (0h:0m:0s left)
  28 TN+F+G4      4239.160    0.930       ENSGALG00000014648.macse_DNA_gb	0h:0m:5s (0h:0m:0s left)
  29 SYM+G4       8791.218    1.735       ENSGALG00000012244.macse_DNA_gb	0h:0m:7s (0h:0m:0s left)
Full partition model BIC score: 233115.699 (LnL: -115473.990  df:218)
Partition information was printed to out/species.best_scheme.nex
Partition information in Raxml format was printed to out/species.best_scheme

All model information printed to out/species.model.gz
CPU time for ModelFinder: 217.507 seconds (0h:3m:37s)
Wall-clock time for ModelFinder: 58.542 seconds (0h:0m:58s)
Generating 1000 samples for ultrafast bootstrap (seed: 993536)...

NOTE: 47 MB RAM (0 GB) is required!
Estimate model parameters (epsilon = 0.100)
Initial log-likelihood: -115651.140
Current log-likelihood at step 1: -115487.565
Current log-likelihood at step 2: -115474.567
Current log-likelihood at step 3: -115473.935
Current log-likelihood at step 4: -115473.638
Current log-likelihood at step 5: -115473.463
Current log-likelihood at step 6: -115473.344
Current log-likelihood at step 7: -115473.259
Partition-specific rates:  1.105 1.322 1.061 1.040 1.237 0.756 0.877 1.092 0.786 0.467 0.646 1.053 0.691 1.798 1.181 1.188 1.276 1.841 0.606 1.312 1.090 0.968 0.803 0.679 0.907 0.647 1.147 0.977 1.257
Parameters optimization took 6 rounds (0.166 sec)

Computing ML distances based on estimated model parameters...
Computing ML distances took 0.000100 sec (of wall-clock time) 0.000424 sec(of CPU time)
WARNING: Some pairwise ML distances are too long (saturated)
Computing RapidNJ tree took 0.000230 sec (of wall-clock time) 0.000475 sec (of CPU time)
Log-likelihood of RapidNJ tree: -121330.851
--------------------------------------------------------------------
|             INITIALIZING CANDIDATE TREE SET                      |
--------------------------------------------------------------------
Generating 98 parsimony trees... 1.510 second
Computing log-likelihood of 98 initial trees ... 0.775 seconds
Current best score: -115473.259

Do NNI search on 20 best initial trees
Estimate model parameters (epsilon = 0.100)
Initial log-likelihood: -115473.259
Current log-likelihood at step 1: -115473.202
Parameters optimization took 0 rounds (0.019 sec)

BETTER TREE FOUND at iteration 1: -115473.202
Iteration 10 / LogL: -115497.788 / Time: 0h:0m:4s
Iteration 20 / LogL: -115473.948 / Time: 0h:0m:7s
Finish initializing candidate tree set (1)
Current best tree score: -115473.202 / CPU time: 6.990
Number of iterations: 20
--------------------------------------------------------------------
|               OPTIMIZING CANDIDATE TREE SET                      |
--------------------------------------------------------------------
Iteration 30 / LogL: -115473.230 / Time: 0h:0m:9s (0h:0m:22s left)
Iteration 40 / LogL: -115490.298 / Time: 0h:0m:10s (0h:0m:16s left)
Iteration 50 / LogL: -115473.428 / Time: 0h:0m:12s (0h:0m:12s left)
Log-likelihood cutoff on original alignment: -115525.343
Iteration 60 / LogL: -115473.369 / Time: 0h:0m:13s (0h:0m:9s left)
Iteration 70 / LogL: -115473.271 / Time: 0h:0m:15s (0h:0m:6s left)
Iteration 80 / LogL: -115477.687 / Time: 0h:0m:16s (0h:0m:4s left)
Iteration 90 / LogL: -115477.522 / Time: 0h:0m:18s (0h:0m:2s left)
Iteration 100 / LogL: -115473.699 / Time: 0h:0m:19s (0h:0m:0s left)
Log-likelihood cutoff on original alignment: -115525.784
NOTE: Bootstrap correlation coefficient of split occurrence frequencies: 0.999
TREE SEARCH COMPLETED AFTER 102 ITERATIONS / Time: 0h:0m:20s

--------------------------------------------------------------------
|                    FINALIZING TREE SEARCH                        |
--------------------------------------------------------------------
Performs final model parameters optimization
Estimate model parameters (epsilon = 0.010)
Initial log-likelihood: -115473.202
Current log-likelihood at step 1: -115473.158
Current log-likelihood at step 2: -115473.124
Current log-likelihood at step 3: -115473.096
Current log-likelihood at step 4: -115473.072
Current log-likelihood at step 5: -115473.053
Current log-likelihood at step 6: -115473.036
Current log-likelihood at step 7: -115473.022
Current log-likelihood at step 8: -115473.010
Current log-likelihood at step 9: -115473.000
Current log-likelihood at step 10: -115472.991
Partition-specific rates:  1.103 1.321 1.062 1.038 1.233 0.756 0.877 1.089 0.786 0.467 0.646 1.054 0.691 1.797 1.187 1.189 1.277 1.840 0.606 1.311 1.090 0.968 0.802 0.680 0.906 0.647 1.148 0.977 1.254
Parameters optimization took 9 rounds (0.192 sec)

Partition information was printed to out/species.best_model.nex
BEST SCORE FOUND : -115472.991
Creating bootstrap support values...
Split supports printed to NEXUS file out/species.splits.nex
Total tree length: 1.996

Total number of iterations: 102
CPU time used for tree search: 109.077 sec (0h:1m:49s)
Wall-clock time used for tree search: 19.543 sec (0h:0m:19s)
Total CPU time used: 113.337 sec (0h:1m:53s)
Total wall-clock time used: 20.423 sec (0h:0m:20s)

Computing bootstrap consensus tree...
Reading input file out/species.splits.nex...
16 taxa and 36 splits.
Consensus tree written to out/species.contree
Reading input trees file out/species.contree
Log-likelihood of consensus tree: -115472.992

Analysis results written to: 
  IQ-TREE report:                out/species.iqtree
  Maximum-likelihood tree:       out/species.treefile
  Likelihood distances:          out/species.mldist

Ultrafast bootstrap approximation results written to:
  Split support values:          out/species.splits.nex
  Consensus tree:                out/species.contree
  Screen log file:               out/species.log

Date and Time: Mon Apr 17 14:23:54 2023
